[2015-12-22 19:54:20] lumen.INFO: Top of routes with URI  and method   
[2015-12-22 19:54:24] lumen.INFO: Top of routes with URI  and method   
[2015-12-22 19:54:27] lumen.INFO: Top of routes with URI  and method   
[2015-12-22 19:54:28] lumen.ERROR: exception 'ErrorException' with message 'include(/var/www/cbe-dataserver/database/migrations/2015_12_16_200502_CreateFetchTasksTable.php): failed to open stream: No such file or directory' in /var/www/cbe-dataserver/vendor/composer/ClassLoader.php:412
Stack trace:
#0 /var/www/cbe-dataserver/vendor/composer/ClassLoader.php(412): Laravel\Lumen\Application->Laravel\Lumen\{closure}(2, 'include(/var/ww...', '/var/www/cbe-da...', 412, Array)
#1 /var/www/cbe-dataserver/vendor/composer/ClassLoader.php(412): Composer\Autoload\includeFile()
#2 /var/www/cbe-dataserver/vendor/composer/ClassLoader.php(301): Composer\Autoload\includeFile('/var/www/cbe-da...')
#3 [internal function]: Composer\Autoload\ClassLoader->loadClass('CreateFetchTask...')
#4 /var/www/cbe-dataserver/vendor/illuminate/database/Migrations/Migrator.php(324): spl_autoload_call('CreateFetchTask...')
#5 /var/www/cbe-dataserver/vendor/illuminate/database/Migrations/Migrator.php(215): Illuminate\Database\Migrations\Migrator->resolve('2015_12_22_2005...')
#6 /var/www/cbe-dataserver/vendor/illuminate/database/Migrations/Migrator.php(169): Illuminate\Database\Migrations\Migrator->runDown(Object(stdClass), false)
#7 /var/www/cbe-dataserver/vendor/illuminate/database/Console/Migrations/RollbackCommand.php(63): Illuminate\Database\Migrations\Migrator->rollback(false)
#8 [internal function]: Illuminate\Database\Console\Migrations\RollbackCommand->fire()
#9 /var/www/cbe-dataserver/vendor/illuminate/container/Container.php(502): call_user_func_array(Array, Array)
#10 /var/www/cbe-dataserver/vendor/illuminate/console/Command.php(150): Illuminate\Container\Container->call(Array)
#11 /var/www/cbe-dataserver/vendor/symfony/console/Command/Command.php(259): Illuminate\Console\Command->execute(Object(Symfony\Component\Console\Input\ArgvInput), Object(Symfony\Component\Console\Output\ConsoleOutput))
#12 /var/www/cbe-dataserver/vendor/illuminate/console/Command.php(136): Symfony\Component\Console\Command\Command->run(Object(Symfony\Component\Console\Input\ArgvInput), Object(Symfony\Component\Console\Output\ConsoleOutput))
#13 /var/www/cbe-dataserver/vendor/symfony/console/Application.php(878): Illuminate\Console\Command->run(Object(Symfony\Component\Console\Input\ArgvInput), Object(Symfony\Component\Console\Output\ConsoleOutput))
#14 /var/www/cbe-dataserver/vendor/symfony/console/Application.php(195): Symfony\Component\Console\Application->doRunCommand(Object(Illuminate\Database\Console\Migrations\RollbackCommand), Object(Symfony\Component\Console\Input\ArgvInput), Object(Symfony\Component\Console\Output\ConsoleOutput))
#15 /var/www/cbe-dataserver/vendor/symfony/console/Application.php(126): Symfony\Component\Console\Application->doRun(Object(Symfony\Component\Console\Input\ArgvInput), Object(Symfony\Component\Console\Output\ConsoleOutput))
#16 /var/www/cbe-dataserver/vendor/laravel/lumen-framework/src/Console/Kernel.php(78): Symfony\Component\Console\Application->run(Object(Symfony\Component\Console\Input\ArgvInput), Object(Symfony\Component\Console\Output\ConsoleOutput))
#17 /var/www/cbe-dataserver/artisan(35): Laravel\Lumen\Console\Kernel->handle(Object(Symfony\Component\Console\Input\ArgvInput), Object(Symfony\Component\Console\Output\ConsoleOutput))
#18 {main}  
[2015-12-22 19:55:34] lumen.INFO: Top of routes with URI  and method   
[2015-12-22 19:55:37] lumen.INFO: Top of routes with URI  and method   
[2015-12-22 19:55:58] lumen.INFO: Top of routes with URI  and method   
[2015-12-22 19:56:00] lumen.INFO: Top of routes with URI  and method   
[2015-12-22 19:56:01] lumen.ERROR: exception 'ErrorException' with message 'include(/var/www/cbe-dataserver/database/migrations/2015_12_16_200502_CreateFetchTasksTable.php): failed to open stream: No such file or directory' in /var/www/cbe-dataserver/vendor/composer/ClassLoader.php:412
Stack trace:
#0 /var/www/cbe-dataserver/vendor/composer/ClassLoader.php(412): Laravel\Lumen\Application->Laravel\Lumen\{closure}(2, 'include(/var/ww...', '/var/www/cbe-da...', 412, Array)
#1 /var/www/cbe-dataserver/vendor/composer/ClassLoader.php(412): Composer\Autoload\includeFile()
#2 /var/www/cbe-dataserver/vendor/composer/ClassLoader.php(301): Composer\Autoload\includeFile('/var/www/cbe-da...')
#3 [internal function]: Composer\Autoload\ClassLoader->loadClass('CreateFetchTask...')
#4 /var/www/cbe-dataserver/vendor/illuminate/database/Migrations/Migrator.php(324): spl_autoload_call('CreateFetchTask...')
#5 /var/www/cbe-dataserver/vendor/illuminate/database/Migrations/Migrator.php(215): Illuminate\Database\Migrations\Migrator->resolve('2015_12_22_2005...')
#6 /var/www/cbe-dataserver/vendor/illuminate/database/Migrations/Migrator.php(169): Illuminate\Database\Migrations\Migrator->runDown(Object(stdClass), false)
#7 /var/www/cbe-dataserver/vendor/illuminate/database/Console/Migrations/RollbackCommand.php(63): Illuminate\Database\Migrations\Migrator->rollback(false)
#8 [internal function]: Illuminate\Database\Console\Migrations\RollbackCommand->fire()
#9 /var/www/cbe-dataserver/vendor/illuminate/container/Container.php(502): call_user_func_array(Array, Array)
#10 /var/www/cbe-dataserver/vendor/illuminate/console/Command.php(150): Illuminate\Container\Container->call(Array)
#11 /var/www/cbe-dataserver/vendor/symfony/console/Command/Command.php(259): Illuminate\Console\Command->execute(Object(Symfony\Component\Console\Input\ArgvInput), Object(Symfony\Component\Console\Output\ConsoleOutput))
#12 /var/www/cbe-dataserver/vendor/illuminate/console/Command.php(136): Symfony\Component\Console\Command\Command->run(Object(Symfony\Component\Console\Input\ArgvInput), Object(Symfony\Component\Console\Output\ConsoleOutput))
#13 /var/www/cbe-dataserver/vendor/symfony/console/Application.php(878): Illuminate\Console\Command->run(Object(Symfony\Component\Console\Input\ArgvInput), Object(Symfony\Component\Console\Output\ConsoleOutput))
#14 /var/www/cbe-dataserver/vendor/symfony/console/Application.php(195): Symfony\Component\Console\Application->doRunCommand(Object(Illuminate\Database\Console\Migrations\RollbackCommand), Object(Symfony\Component\Console\Input\ArgvInput), Object(Symfony\Component\Console\Output\ConsoleOutput))
#15 /var/www/cbe-dataserver/vendor/symfony/console/Application.php(126): Symfony\Component\Console\Application->doRun(Object(Symfony\Component\Console\Input\ArgvInput), Object(Symfony\Component\Console\Output\ConsoleOutput))
#16 /var/www/cbe-dataserver/vendor/laravel/lumen-framework/src/Console/Kernel.php(78): Symfony\Component\Console\Application->run(Object(Symfony\Component\Console\Input\ArgvInput), Object(Symfony\Component\Console\Output\ConsoleOutput))
#17 /var/www/cbe-dataserver/artisan(35): Laravel\Lumen\Console\Kernel->handle(Object(Symfony\Component\Console\Input\ArgvInput), Object(Symfony\Component\Console\Output\ConsoleOutput))
#18 {main}  
[2015-12-22 19:57:36] lumen.INFO: Top of routes with URI  and method   
[2015-12-22 19:57:38] lumen.INFO: Top of routes with URI  and method   
[2015-12-22 19:57:45] lumen.INFO: Top of routes with URI  and method   
[2015-12-22 19:57:47] lumen.INFO: Top of routes with URI  and method   
[2015-12-22 19:57:51] lumen.INFO: Top of routes with URI  and method   
[2015-12-22 19:58:45] lumen.INFO: Top of routes with URI /api/v1/register_data_source and method POST  
[2015-12-22 19:58:45] lumen.INFO: The request is {"name":"test4","sourceType":"api","entity":"Town of Cary, NC","entityId":3,"endpoint":"http:\/\/opendataserver.ashevillenc.gov\/geoserver\/ows?service=WFS&request=GetFeature&srsName=EPSG:4326&typeName=coagis:projects_general_ledger&maxFeatures=1000000&outputFormat=json","apiFormat":"json","dataFormat":"simple-budget","frequency":"ondemand"}  
[2015-12-22 19:58:46] lumen.INFO: Top of routes with URI /api/v1/datasets?entity_id=3 and method GET  
[2015-12-22 19:58:46] lumen.INFO: The entity id for datasets index is 3  
[2015-12-23 12:53:38] lumen.INFO: Top of routes with URI /api/v1/get_entity_info?entity_id=3 and method GET  
[2015-12-23 12:55:12] lumen.INFO: Top of routes with URI /api/v1/get_entity_info?entity_id=3 and method GET  
[2015-12-23 12:56:25] lumen.INFO: Top of routes with URI /api/v1/get_entity_info?entity_id=3 and method GET  
[2015-12-23 12:56:25] lumen.INFO: I'm in getEntityInfo with id 3  
[2015-12-23 12:56:26] lumen.ERROR: exception 'Symfony\Component\Debug\Exception\FatalErrorException' with message 'Cannot use object of type stdClass as array' in /var/www/cbe-dataserver/app/Domain/Data/DataSource.php:30
Stack trace:
#0 [internal function]: Laravel\Lumen\Application->Laravel\Lumen\{closure}()
#1 {main}  
[2015-12-23 12:59:24] lumen.INFO: Top of routes with URI /api/v1/get_entity_info?entity_id=3 and method GET  
[2015-12-23 12:59:24] lumen.INFO: I'm in getEntityInfo with id 3  
[2015-12-23 12:59:24] lumen.ERROR: exception 'Symfony\Component\Debug\Exception\FatalErrorException' with message 'Cannot use object of type stdClass as array' in /var/www/cbe-dataserver/app/Domain/Data/DataSource.php:31
Stack trace:
#0 [internal function]: Laravel\Lumen\Application->Laravel\Lumen\{closure}()
#1 {main}  
[2015-12-23 13:00:17] lumen.INFO: Top of routes with URI /api/v1/get_entity_info?entity_id=3 and method GET  
[2015-12-23 13:00:17] lumen.INFO: I'm in getEntityInfo with id 3  
[2015-12-23 13:00:17] lumen.ERROR: exception 'ErrorException' with message 'Undefined property: stdClass::$sourceType' in /var/www/cbe-dataserver/app/Domain/Data/DataSource.php:59
Stack trace:
#0 /var/www/cbe-dataserver/app/Domain/Data/DataSource.php(59): Laravel\Lumen\Application->Laravel\Lumen\{closure}(8, 'Undefined prope...', '/var/www/cbe-da...', 59, Array)
#1 /var/www/cbe-dataserver/app/Domain/Data/DataSource.php(88): CBEDataService\Domain\Data\DataSource->initializeFromObject(Object(stdClass))
#2 /var/www/cbe-dataserver/app/Http/Controllers/DataSourcesController.php(22): CBEDataService\Domain\Data\DataSource::listEntityDataSources('3')
#3 [internal function]: CBEDataService\Http\Controllers\DataSourcesController->getEntityInfo(Object(Illuminate\Http\Request))
#4 /var/www/cbe-dataserver/vendor/illuminate/container/Container.php(502): call_user_func_array(Array, Array)
#5 /var/www/cbe-dataserver/vendor/laravel/lumen-framework/src/Application.php(1371): Illuminate\Container\Container->call(Array, Array)
#6 /var/www/cbe-dataserver/vendor/laravel/lumen-framework/src/Application.php(1336): Laravel\Lumen\Application->callControllerCallable(Array, Array)
#7 /var/www/cbe-dataserver/vendor/laravel/lumen-framework/src/Application.php(1307): Laravel\Lumen\Application->callLumenController(Object(CBEDataService\Http\Controllers\DataSourcesController), 'getEntityInfo', Array)
#8 /var/www/cbe-dataserver/vendor/laravel/lumen-framework/src/Application.php(1275): Laravel\Lumen\Application->callControllerAction(Array)
#9 /var/www/cbe-dataserver/vendor/laravel/lumen-framework/src/Application.php(1260): Laravel\Lumen\Application->callActionOnArrayBasedRoute(Array)
#10 /var/www/cbe-dataserver/vendor/laravel/lumen-framework/src/Application.php(1179): Laravel\Lumen\Application->handleFoundRoute(Array)
#11 /var/www/cbe-dataserver/vendor/laravel/lumen-framework/src/Application.php(1414): Laravel\Lumen\Application->Laravel\Lumen\{closure}()
#12 /var/www/cbe-dataserver/vendor/laravel/lumen-framework/src/Application.php(1185): Laravel\Lumen\Application->sendThroughPipeline(Array, Object(Closure))
#13 /var/www/cbe-dataserver/vendor/laravel/lumen-framework/src/Application.php(1125): Laravel\Lumen\Application->dispatch(NULL)
#14 /var/www/cbe-dataserver/public/index.php(28): Laravel\Lumen\Application->run()
#15 {main}  
[2015-12-23 13:01:24] lumen.INFO: Top of routes with URI /api/v1/get_entity_info?entity_id=3 and method GET  
[2015-12-23 13:01:24] lumen.INFO: I'm in getEntityInfo with id 3  
[2015-12-23 13:01:24] lumen.INFO: [{"id":1,"name":"test4","status":"inactive","source_type":"api","description":"","entity":"Town of Cary, NC","entity_id":3,"api_format":"json","data_format":"simple-budget","endpoint":"http:\/\/opendataserver.ashevillenc.gov\/geoserver\/ows?service=WFS&request=GetFeature&srsName=EPSG:4326&typeName=coagis:projects_general_ledger&maxFeatures=1000000&outputFormat=json","frequency":"ondemand","properties":"[]","created_at":"2015-12-22 19:58:45","updated_at":"2015-12-22 19:58:45"}]  
[2015-12-23 13:01:24] lumen.ERROR: exception 'ErrorException' with message 'Undefined property: stdClass::$sourceType' in /var/www/cbe-dataserver/app/Domain/Data/DataSource.php:59
Stack trace:
#0 /var/www/cbe-dataserver/app/Domain/Data/DataSource.php(59): Laravel\Lumen\Application->Laravel\Lumen\{closure}(8, 'Undefined prope...', '/var/www/cbe-da...', 59, Array)
#1 /var/www/cbe-dataserver/app/Domain/Data/DataSource.php(89): CBEDataService\Domain\Data\DataSource->initializeFromObject(Object(stdClass))
#2 /var/www/cbe-dataserver/app/Http/Controllers/DataSourcesController.php(22): CBEDataService\Domain\Data\DataSource::listEntityDataSources('3')
#3 [internal function]: CBEDataService\Http\Controllers\DataSourcesController->getEntityInfo(Object(Illuminate\Http\Request))
#4 /var/www/cbe-dataserver/vendor/illuminate/container/Container.php(502): call_user_func_array(Array, Array)
#5 /var/www/cbe-dataserver/vendor/laravel/lumen-framework/src/Application.php(1371): Illuminate\Container\Container->call(Array, Array)
#6 /var/www/cbe-dataserver/vendor/laravel/lumen-framework/src/Application.php(1336): Laravel\Lumen\Application->callControllerCallable(Array, Array)
#7 /var/www/cbe-dataserver/vendor/laravel/lumen-framework/src/Application.php(1307): Laravel\Lumen\Application->callLumenController(Object(CBEDataService\Http\Controllers\DataSourcesController), 'getEntityInfo', Array)
#8 /var/www/cbe-dataserver/vendor/laravel/lumen-framework/src/Application.php(1275): Laravel\Lumen\Application->callControllerAction(Array)
#9 /var/www/cbe-dataserver/vendor/laravel/lumen-framework/src/Application.php(1260): Laravel\Lumen\Application->callActionOnArrayBasedRoute(Array)
#10 /var/www/cbe-dataserver/vendor/laravel/lumen-framework/src/Application.php(1179): Laravel\Lumen\Application->handleFoundRoute(Array)
#11 /var/www/cbe-dataserver/vendor/laravel/lumen-framework/src/Application.php(1414): Laravel\Lumen\Application->Laravel\Lumen\{closure}()
#12 /var/www/cbe-dataserver/vendor/laravel/lumen-framework/src/Application.php(1185): Laravel\Lumen\Application->sendThroughPipeline(Array, Object(Closure))
#13 /var/www/cbe-dataserver/vendor/laravel/lumen-framework/src/Application.php(1125): Laravel\Lumen\Application->dispatch(NULL)
#14 /var/www/cbe-dataserver/public/index.php(28): Laravel\Lumen\Application->run()
#15 {main}  
[2015-12-23 13:03:45] lumen.INFO: Top of routes with URI /api/v1/get_entity_info?entity_id=3 and method GET  
[2015-12-23 13:03:45] lumen.INFO: I'm in getEntityInfo with id 3  
[2015-12-23 13:03:45] lumen.INFO: Here we go with entityId 3  
[2015-12-23 13:03:45] lumen.INFO: [{"id":1,"name":"test4","status":"inactive","source_type":"api","description":"","entity":"Town of Cary, NC","entity_id":3,"api_format":"json","data_format":"simple-budget","endpoint":"http:\/\/opendataserver.ashevillenc.gov\/geoserver\/ows?service=WFS&request=GetFeature&srsName=EPSG:4326&typeName=coagis:projects_general_ledger&maxFeatures=1000000&outputFormat=json","frequency":"ondemand","properties":"[]","created_at":"2015-12-22 19:58:45","updated_at":"2015-12-22 19:58:45"}]  
[2015-12-23 13:03:45] lumen.ERROR: exception 'ErrorException' with message 'Undefined property: stdClass::$sourceType' in /var/www/cbe-dataserver/app/Domain/Data/DataSource.php:59
Stack trace:
#0 /var/www/cbe-dataserver/app/Domain/Data/DataSource.php(59): Laravel\Lumen\Application->Laravel\Lumen\{closure}(8, 'Undefined prope...', '/var/www/cbe-da...', 59, Array)
#1 /var/www/cbe-dataserver/app/Domain/Data/DataSource.php(89): CBEDataService\Domain\Data\DataSource->initializeFromObject(Object(stdClass))
#2 /var/www/cbe-dataserver/app/Http/Controllers/DataSourcesController.php(22): CBEDataService\Domain\Data\DataSource::listEntityDataSources('3')
#3 [internal function]: CBEDataService\Http\Controllers\DataSourcesController->getEntityInfo(Object(Illuminate\Http\Request))
#4 /var/www/cbe-dataserver/vendor/illuminate/container/Container.php(502): call_user_func_array(Array, Array)
#5 /var/www/cbe-dataserver/vendor/laravel/lumen-framework/src/Application.php(1371): Illuminate\Container\Container->call(Array, Array)
#6 /var/www/cbe-dataserver/vendor/laravel/lumen-framework/src/Application.php(1336): Laravel\Lumen\Application->callControllerCallable(Array, Array)
#7 /var/www/cbe-dataserver/vendor/laravel/lumen-framework/src/Application.php(1307): Laravel\Lumen\Application->callLumenController(Object(CBEDataService\Http\Controllers\DataSourcesController), 'getEntityInfo', Array)
#8 /var/www/cbe-dataserver/vendor/laravel/lumen-framework/src/Application.php(1275): Laravel\Lumen\Application->callControllerAction(Array)
#9 /var/www/cbe-dataserver/vendor/laravel/lumen-framework/src/Application.php(1260): Laravel\Lumen\Application->callActionOnArrayBasedRoute(Array)
#10 /var/www/cbe-dataserver/vendor/laravel/lumen-framework/src/Application.php(1179): Laravel\Lumen\Application->handleFoundRoute(Array)
#11 /var/www/cbe-dataserver/vendor/laravel/lumen-framework/src/Application.php(1414): Laravel\Lumen\Application->Laravel\Lumen\{closure}()
#12 /var/www/cbe-dataserver/vendor/laravel/lumen-framework/src/Application.php(1185): Laravel\Lumen\Application->sendThroughPipeline(Array, Object(Closure))
#13 /var/www/cbe-dataserver/vendor/laravel/lumen-framework/src/Application.php(1125): Laravel\Lumen\Application->dispatch(NULL)
#14 /var/www/cbe-dataserver/public/index.php(28): Laravel\Lumen\Application->run()
#15 {main}  
[2015-12-23 13:04:58] lumen.INFO: Top of routes with URI /api/v1/get_entity_info?entity_id=3 and method GET  
[2015-12-23 13:04:58] lumen.INFO: I'm in getEntityInfo with id 3  
[2015-12-23 13:04:58] lumen.INFO: Here we go with entityId 3  
[2015-12-23 13:04:58] lumen.INFO: [{"id":1,"name":"test4","status":"inactive","source_type":"api","description":"","entity":"Town of Cary, NC","entity_id":3,"api_format":"json","data_format":"simple-budget","endpoint":"http:\/\/opendataserver.ashevillenc.gov\/geoserver\/ows?service=WFS&request=GetFeature&srsName=EPSG:4326&typeName=coagis:projects_general_ledger&maxFeatures=1000000&outputFormat=json","frequency":"ondemand","properties":"[]","created_at":"2015-12-22 19:58:45","updated_at":"2015-12-22 19:58:45"}]  
[2015-12-23 13:04:58] lumen.INFO: [{"id":1,"name":"test4","status":"inactive","last":null,"lastDate":null,"sourceType":"api","description":"","entityId":3,"entity":"Town of Cary, NC","dataFormat":"simple-budget","apiEndpoint":null,"apiFormat":"json","frequency":"ondemand","properties":"[]","endpoint":"http:\/\/opendataserver.ashevillenc.gov\/geoserver\/ows?service=WFS&request=GetFeature&srsName=EPSG:4326&typeName=coagis:projects_general_ledger&maxFeatures=1000000&outputFormat=json"}]  
[2015-12-23 17:01:49] lumen.INFO: Top of routes with URI /api/v1/get_entity_info?entity_id=3 and method GET  
[2015-12-23 17:01:49] lumen.INFO: I'm in getEntityInfo with id 3  
[2015-12-23 17:01:49] lumen.INFO: Here we go with entityId 3  
[2015-12-23 17:01:50] lumen.INFO: [{"id":1,"name":"test4","status":"inactive","source_type":"api","description":"","entity":"Town of Cary, NC","entity_id":3,"api_format":"json","data_format":"simple-budget","endpoint":"http:\/\/opendataserver.ashevillenc.gov\/geoserver\/ows?service=WFS&request=GetFeature&srsName=EPSG:4326&typeName=coagis:projects_general_ledger&maxFeatures=1000000&outputFormat=json","frequency":"ondemand","properties":"[]","created_at":"2015-12-22 19:58:45","updated_at":"2015-12-22 19:58:45"}]  
[2015-12-23 17:01:50] lumen.INFO: [{"id":1,"name":"test4","status":"inactive","last":null,"lastDate":null,"sourceType":"api","description":"","entityId":3,"entity":"Town of Cary, NC","dataFormat":"simple-budget","apiEndpoint":null,"apiFormat":"json","frequency":"ondemand","properties":"[]","endpoint":"http:\/\/opendataserver.ashevillenc.gov\/geoserver\/ows?service=WFS&request=GetFeature&srsName=EPSG:4326&typeName=coagis:projects_general_ledger&maxFeatures=1000000&outputFormat=json"}]  
[2015-12-23 17:13:58] lumen.INFO: Top of routes with URI /api/v1/get_entity_info?entity_id=3 and method GET  
[2015-12-23 17:13:58] lumen.INFO: I'm in getEntityInfo with id 3  
[2015-12-23 17:13:58] lumen.INFO: Here we go with entityId 3  
[2015-12-23 17:13:58] lumen.INFO: [{"id":1,"name":"test4","status":"inactive","source_type":"api","description":"","entity":"Town of Cary, NC","entity_id":3,"api_format":"json","data_format":"simple-budget","endpoint":"http:\/\/opendataserver.ashevillenc.gov\/geoserver\/ows?service=WFS&request=GetFeature&srsName=EPSG:4326&typeName=coagis:projects_general_ledger&maxFeatures=1000000&outputFormat=json","frequency":"ondemand","properties":"[]","created_at":"2015-12-22 19:58:45","updated_at":"2015-12-22 19:58:45"}]  
[2015-12-23 17:13:58] lumen.INFO: [{"id":1,"name":"test4","status":"inactive","last":null,"lastDate":null,"sourceType":"api","description":"","entityId":3,"entity":"Town of Cary, NC","dataFormat":"simple-budget","apiEndpoint":null,"apiFormat":"json","frequency":"ondemand","properties":"[]","endpoint":"http:\/\/opendataserver.ashevillenc.gov\/geoserver\/ows?service=WFS&request=GetFeature&srsName=EPSG:4326&typeName=coagis:projects_general_ledger&maxFeatures=1000000&outputFormat=json"}]  
[2015-12-23 17:15:39] lumen.INFO: Top of routes with URI /api/v1/get_entity_info?entity_id=3 and method GET  
[2015-12-23 17:15:39] lumen.INFO: I'm in getEntityInfo with id 3  
[2015-12-23 17:15:39] lumen.INFO: Here we go with entityId 3  
[2015-12-23 17:15:39] lumen.INFO: [{"id":1,"name":"test4","status":"inactive","source_type":"api","description":"","entity":"Town of Cary, NC","entity_id":3,"api_format":"json","data_format":"simple-budget","endpoint":"http:\/\/opendataserver.ashevillenc.gov\/geoserver\/ows?service=WFS&request=GetFeature&srsName=EPSG:4326&typeName=coagis:projects_general_ledger&maxFeatures=1000000&outputFormat=json","frequency":"ondemand","properties":"[]","created_at":"2015-12-22 19:58:45","updated_at":"2015-12-22 19:58:45"}]  
[2015-12-23 17:15:39] lumen.INFO: [{"id":1,"name":"test4","status":"inactive","last":null,"lastDate":null,"sourceType":"api","description":"","entityId":3,"entity":"Town of Cary, NC","dataFormat":"simple-budget","apiEndpoint":null,"apiFormat":"json","frequency":"ondemand","properties":"[]","endpoint":"http:\/\/opendataserver.ashevillenc.gov\/geoserver\/ows?service=WFS&request=GetFeature&srsName=EPSG:4326&typeName=coagis:projects_general_ledger&maxFeatures=1000000&outputFormat=json"}]  
[2015-12-23 17:15:39] lumen.INFO: Top of routes with URI /api/v1/get_entity_info?entity_id=3 and method GET  
[2015-12-23 17:15:39] lumen.INFO: I'm in getEntityInfo with id 3  
[2015-12-23 17:15:39] lumen.INFO: Here we go with entityId 3  
[2015-12-23 17:15:40] lumen.INFO: [{"id":1,"name":"test4","status":"inactive","source_type":"api","description":"","entity":"Town of Cary, NC","entity_id":3,"api_format":"json","data_format":"simple-budget","endpoint":"http:\/\/opendataserver.ashevillenc.gov\/geoserver\/ows?service=WFS&request=GetFeature&srsName=EPSG:4326&typeName=coagis:projects_general_ledger&maxFeatures=1000000&outputFormat=json","frequency":"ondemand","properties":"[]","created_at":"2015-12-22 19:58:45","updated_at":"2015-12-22 19:58:45"}]  
[2015-12-23 17:15:40] lumen.INFO: [{"id":1,"name":"test4","status":"inactive","last":null,"lastDate":null,"sourceType":"api","description":"","entityId":3,"entity":"Town of Cary, NC","dataFormat":"simple-budget","apiEndpoint":null,"apiFormat":"json","frequency":"ondemand","properties":"[]","endpoint":"http:\/\/opendataserver.ashevillenc.gov\/geoserver\/ows?service=WFS&request=GetFeature&srsName=EPSG:4326&typeName=coagis:projects_general_ledger&maxFeatures=1000000&outputFormat=json"}]  
[2015-12-23 17:24:37] lumen.INFO: Top of routes with URI /api/v1/get_entity_info?entity_id=3 and method GET  
[2015-12-23 17:24:37] lumen.INFO: I'm in getEntityInfo with id 3  
[2015-12-23 17:24:37] lumen.INFO: Here we go with entityId 3  
[2015-12-23 17:24:37] lumen.INFO: [{"id":1,"name":"test4","status":"inactive","source_type":"api","description":"","entity":"Town of Cary, NC","entity_id":3,"api_format":"json","data_format":"simple-budget","endpoint":"http:\/\/opendataserver.ashevillenc.gov\/geoserver\/ows?service=WFS&request=GetFeature&srsName=EPSG:4326&typeName=coagis:projects_general_ledger&maxFeatures=1000000&outputFormat=json","frequency":"ondemand","properties":"[]","created_at":"2015-12-22 19:58:45","updated_at":"2015-12-22 19:58:45"}]  
[2015-12-23 17:24:37] lumen.ERROR: exception 'Symfony\Component\Debug\Exception\FatalErrorException' with message 'Class 'CBEDataService\Http\Controllers\Dataset' not found' in /var/www/cbe-dataserver/app/Http/Controllers/DataSourcesController.php:23
Stack trace:
#0 [internal function]: Laravel\Lumen\Application->Laravel\Lumen\{closure}()
#1 {main}  
[2015-12-23 17:25:19] lumen.INFO: Top of routes with URI /api/v1/get_entity_info?entity_id=3 and method GET  
[2015-12-23 17:25:19] lumen.INFO: I'm in getEntityInfo with id 3  
[2015-12-23 17:25:19] lumen.INFO: Here we go with entityId 3  
[2015-12-23 17:25:19] lumen.INFO: [{"id":1,"name":"test4","status":"inactive","source_type":"api","description":"","entity":"Town of Cary, NC","entity_id":3,"api_format":"json","data_format":"simple-budget","endpoint":"http:\/\/opendataserver.ashevillenc.gov\/geoserver\/ows?service=WFS&request=GetFeature&srsName=EPSG:4326&typeName=coagis:projects_general_ledger&maxFeatures=1000000&outputFormat=json","frequency":"ondemand","properties":"[]","created_at":"2015-12-22 19:58:45","updated_at":"2015-12-22 19:58:45"}]  
[2015-12-23 17:25:19] lumen.INFO: [{"id":1,"name":"test4","status":"inactive","last":null,"lastDate":null,"sourceType":"api","description":"","entityId":3,"entity":"Town of Cary, NC","dataFormat":"simple-budget","apiEndpoint":null,"apiFormat":"json","frequency":"ondemand","properties":"[]","endpoint":"http:\/\/opendataserver.ashevillenc.gov\/geoserver\/ows?service=WFS&request=GetFeature&srsName=EPSG:4326&typeName=coagis:projects_general_ledger&maxFeatures=1000000&outputFormat=json"}]  
[2015-12-23 17:26:14] lumen.INFO: Top of routes with URI /api/v1/get_entity_info?entity_id=3 and method GET  
[2015-12-23 17:26:14] lumen.INFO: I'm in getEntityInfo with id 3  
[2015-12-23 17:26:14] lumen.INFO: Here we go with entityId 3  
[2015-12-23 17:26:14] lumen.INFO: [{"id":1,"name":"test4","status":"inactive","source_type":"api","description":"","entity":"Town of Cary, NC","entity_id":3,"api_format":"json","data_format":"simple-budget","endpoint":"http:\/\/opendataserver.ashevillenc.gov\/geoserver\/ows?service=WFS&request=GetFeature&srsName=EPSG:4326&typeName=coagis:projects_general_ledger&maxFeatures=1000000&outputFormat=json","frequency":"ondemand","properties":"[]","created_at":"2015-12-22 19:58:45","updated_at":"2015-12-22 19:58:45"}]  
[2015-12-23 17:26:14] lumen.INFO: [{"id":1,"name":"test4","status":"inactive","last":null,"lastDate":null,"sourceType":"api","description":"","entityId":3,"entity":"Town of Cary, NC","dataFormat":"simple-budget","apiEndpoint":null,"apiFormat":"json","frequency":"ondemand","properties":"[]","endpoint":"http:\/\/opendataserver.ashevillenc.gov\/geoserver\/ows?service=WFS&request=GetFeature&srsName=EPSG:4326&typeName=coagis:projects_general_ledger&maxFeatures=1000000&outputFormat=json"}]  
[2015-12-23 17:26:14] lumen.INFO: Top of routes with URI /api/v1/get_entity_info?entity_id=3 and method GET  
[2015-12-23 17:26:14] lumen.INFO: I'm in getEntityInfo with id 3  
[2015-12-23 17:26:14] lumen.INFO: Here we go with entityId 3  
[2015-12-23 17:26:14] lumen.INFO: [{"id":1,"name":"test4","status":"inactive","source_type":"api","description":"","entity":"Town of Cary, NC","entity_id":3,"api_format":"json","data_format":"simple-budget","endpoint":"http:\/\/opendataserver.ashevillenc.gov\/geoserver\/ows?service=WFS&request=GetFeature&srsName=EPSG:4326&typeName=coagis:projects_general_ledger&maxFeatures=1000000&outputFormat=json","frequency":"ondemand","properties":"[]","created_at":"2015-12-22 19:58:45","updated_at":"2015-12-22 19:58:45"}]  
[2015-12-23 17:26:14] lumen.INFO: [{"id":1,"name":"test4","status":"inactive","last":null,"lastDate":null,"sourceType":"api","description":"","entityId":3,"entity":"Town of Cary, NC","dataFormat":"simple-budget","apiEndpoint":null,"apiFormat":"json","frequency":"ondemand","properties":"[]","endpoint":"http:\/\/opendataserver.ashevillenc.gov\/geoserver\/ows?service=WFS&request=GetFeature&srsName=EPSG:4326&typeName=coagis:projects_general_ledger&maxFeatures=1000000&outputFormat=json"}]  
[2015-12-23 17:29:30] lumen.INFO: Top of routes with URI /api/v1/get_entity_info?entity_id=3 and method GET  
[2015-12-23 17:29:30] lumen.INFO: I'm in getEntityInfo with id 3  
[2015-12-23 17:29:30] lumen.INFO: Here we go with entityId 3  
[2015-12-23 17:29:30] lumen.INFO: [{"id":1,"name":"test4","status":"inactive","source_type":"api","description":"","entity":"Town of Cary, NC","entity_id":3,"api_format":"json","data_format":"simple-budget","endpoint":"http:\/\/opendataserver.ashevillenc.gov\/geoserver\/ows?service=WFS&request=GetFeature&srsName=EPSG:4326&typeName=coagis:projects_general_ledger&maxFeatures=1000000&outputFormat=json","frequency":"ondemand","properties":"[]","created_at":"2015-12-22 19:58:45","updated_at":"2015-12-22 19:58:45"}]  
[2015-12-23 17:29:30] lumen.INFO: [{"id":1,"name":"test4","status":"inactive","last":null,"lastDate":null,"sourceType":"api","description":"","entityId":3,"entity":"Town of Cary, NC","dataFormat":"simple-budget","apiEndpoint":null,"apiFormat":"json","frequency":"ondemand","properties":"[]","endpoint":"http:\/\/opendataserver.ashevillenc.gov\/geoserver\/ows?service=WFS&request=GetFeature&srsName=EPSG:4326&typeName=coagis:projects_general_ledger&maxFeatures=1000000&outputFormat=json"}]  
[2015-12-23 17:30:14] lumen.INFO: Top of routes with URI /api/v1/get_entity_info?entity_id=3 and method GET  
[2015-12-23 17:30:14] lumen.INFO: I'm in getEntityInfo with id 3  
[2015-12-23 17:30:14] lumen.INFO: Here we go with entityId 3  
[2015-12-23 17:30:15] lumen.INFO: [{"id":1,"name":"test4","status":"inactive","source_type":"api","description":"","entity":"Town of Cary, NC","entity_id":3,"api_format":"json","data_format":"simple-budget","endpoint":"http:\/\/opendataserver.ashevillenc.gov\/geoserver\/ows?service=WFS&request=GetFeature&srsName=EPSG:4326&typeName=coagis:projects_general_ledger&maxFeatures=1000000&outputFormat=json","frequency":"ondemand","properties":"[]","created_at":"2015-12-22 19:58:45","updated_at":"2015-12-22 19:58:45"}]  
[2015-12-23 17:30:15] lumen.INFO: [{"id":1,"name":"test4","status":"inactive","last":null,"lastDate":null,"sourceType":"api","description":"","entityId":3,"entity":"Town of Cary, NC","dataFormat":"simple-budget","apiEndpoint":null,"apiFormat":"json","frequency":"ondemand","properties":"[]","endpoint":"http:\/\/opendataserver.ashevillenc.gov\/geoserver\/ows?service=WFS&request=GetFeature&srsName=EPSG:4326&typeName=coagis:projects_general_ledger&maxFeatures=1000000&outputFormat=json"}]  
[2015-12-23 17:30:46] lumen.INFO: Top of routes with URI /api/v1/get_entity_info?entity_id=3 and method GET  
[2015-12-23 17:30:46] lumen.INFO: I'm in getEntityInfo with id 3  
[2015-12-23 17:30:46] lumen.INFO: Here we go with entityId 3  
[2015-12-23 17:30:46] lumen.INFO: [{"id":1,"name":"test4","status":"inactive","source_type":"api","description":"","entity":"Town of Cary, NC","entity_id":3,"api_format":"json","data_format":"simple-budget","endpoint":"http:\/\/opendataserver.ashevillenc.gov\/geoserver\/ows?service=WFS&request=GetFeature&srsName=EPSG:4326&typeName=coagis:projects_general_ledger&maxFeatures=1000000&outputFormat=json","frequency":"ondemand","properties":"[]","created_at":"2015-12-22 19:58:45","updated_at":"2015-12-22 19:58:45"}]  
[2015-12-23 17:30:46] lumen.INFO: [{"id":1,"name":"test4","status":"inactive","last":null,"lastDate":null,"sourceType":"api","description":"","entityId":3,"entity":"Town of Cary, NC","dataFormat":"simple-budget","apiEndpoint":null,"apiFormat":"json","frequency":"ondemand","properties":"[]","endpoint":"http:\/\/opendataserver.ashevillenc.gov\/geoserver\/ows?service=WFS&request=GetFeature&srsName=EPSG:4326&typeName=coagis:projects_general_ledger&maxFeatures=1000000&outputFormat=json"}]  
[2015-12-23 17:30:52] lumen.INFO: Top of routes with URI /api/v1/get_entity_info?entity_id=3 and method GET  
[2015-12-23 17:30:52] lumen.INFO: I'm in getEntityInfo with id 3  
[2015-12-23 17:30:52] lumen.INFO: Here we go with entityId 3  
[2015-12-23 17:30:53] lumen.INFO: [{"id":1,"name":"test4","status":"inactive","source_type":"api","description":"","entity":"Town of Cary, NC","entity_id":3,"api_format":"json","data_format":"simple-budget","endpoint":"http:\/\/opendataserver.ashevillenc.gov\/geoserver\/ows?service=WFS&request=GetFeature&srsName=EPSG:4326&typeName=coagis:projects_general_ledger&maxFeatures=1000000&outputFormat=json","frequency":"ondemand","properties":"[]","created_at":"2015-12-22 19:58:45","updated_at":"2015-12-22 19:58:45"}]  
[2015-12-23 17:30:53] lumen.INFO: [{"id":1,"name":"test4","status":"inactive","last":null,"lastDate":null,"sourceType":"api","description":"","entityId":3,"entity":"Town of Cary, NC","dataFormat":"simple-budget","apiEndpoint":null,"apiFormat":"json","frequency":"ondemand","properties":"[]","endpoint":"http:\/\/opendataserver.ashevillenc.gov\/geoserver\/ows?service=WFS&request=GetFeature&srsName=EPSG:4326&typeName=coagis:projects_general_ledger&maxFeatures=1000000&outputFormat=json"}]  
[2015-12-23 17:33:11] lumen.INFO: Top of routes with URI /api/v1/get_entity_info?entity_id=3 and method GET  
[2015-12-23 17:33:11] lumen.INFO: I'm in getEntityInfo with id 3  
[2015-12-23 17:33:11] lumen.INFO: Here we go with entityId 3  
[2015-12-23 17:33:11] lumen.INFO: [{"id":1,"name":"test4","status":"inactive","source_type":"api","description":"","entity":"Town of Cary, NC","entity_id":3,"api_format":"json","data_format":"simple-budget","endpoint":"http:\/\/opendataserver.ashevillenc.gov\/geoserver\/ows?service=WFS&request=GetFeature&srsName=EPSG:4326&typeName=coagis:projects_general_ledger&maxFeatures=1000000&outputFormat=json","frequency":"ondemand","properties":"[]","created_at":"2015-12-22 19:58:45","updated_at":"2015-12-22 19:58:45"}]  
[2015-12-23 17:33:11] lumen.INFO: [{"id":1,"name":"test4","status":"inactive","last":null,"lastDate":null,"sourceType":"api","description":"","entityId":3,"entity":"Town of Cary, NC","dataFormat":"simple-budget","apiEndpoint":null,"apiFormat":"json","frequency":"ondemand","properties":"[]","endpoint":"http:\/\/opendataserver.ashevillenc.gov\/geoserver\/ows?service=WFS&request=GetFeature&srsName=EPSG:4326&typeName=coagis:projects_general_ledger&maxFeatures=1000000&outputFormat=json"}]  
[2015-12-23 17:33:11] lumen.INFO: Top of routes with URI /api/v1/get_entity_info?entity_id=3 and method GET  
[2015-12-23 17:33:11] lumen.INFO: I'm in getEntityInfo with id 3  
[2015-12-23 17:33:11] lumen.INFO: Here we go with entityId 3  
[2015-12-23 17:33:11] lumen.INFO: [{"id":1,"name":"test4","status":"inactive","source_type":"api","description":"","entity":"Town of Cary, NC","entity_id":3,"api_format":"json","data_format":"simple-budget","endpoint":"http:\/\/opendataserver.ashevillenc.gov\/geoserver\/ows?service=WFS&request=GetFeature&srsName=EPSG:4326&typeName=coagis:projects_general_ledger&maxFeatures=1000000&outputFormat=json","frequency":"ondemand","properties":"[]","created_at":"2015-12-22 19:58:45","updated_at":"2015-12-22 19:58:45"}]  
[2015-12-23 17:33:11] lumen.INFO: [{"id":1,"name":"test4","status":"inactive","last":null,"lastDate":null,"sourceType":"api","description":"","entityId":3,"entity":"Town of Cary, NC","dataFormat":"simple-budget","apiEndpoint":null,"apiFormat":"json","frequency":"ondemand","properties":"[]","endpoint":"http:\/\/opendataserver.ashevillenc.gov\/geoserver\/ows?service=WFS&request=GetFeature&srsName=EPSG:4326&typeName=coagis:projects_general_ledger&maxFeatures=1000000&outputFormat=json"}]  
[2015-12-23 17:33:49] lumen.INFO: Top of routes with URI /api/v1/get_entity_info?entity_id=3 and method GET  
[2015-12-23 17:33:49] lumen.INFO: I'm in getEntityInfo with id 3  
[2015-12-23 17:33:49] lumen.INFO: Here we go with entityId 3  
[2015-12-23 17:33:49] lumen.INFO: [{"id":1,"name":"test4","status":"inactive","source_type":"api","description":"","entity":"Town of Cary, NC","entity_id":3,"api_format":"json","data_format":"simple-budget","endpoint":"http:\/\/opendataserver.ashevillenc.gov\/geoserver\/ows?service=WFS&request=GetFeature&srsName=EPSG:4326&typeName=coagis:projects_general_ledger&maxFeatures=1000000&outputFormat=json","frequency":"ondemand","properties":"[]","created_at":"2015-12-22 19:58:45","updated_at":"2015-12-22 19:58:45"}]  
[2015-12-23 17:33:49] lumen.INFO: [{"id":1,"name":"test4","status":"inactive","last":null,"lastDate":null,"sourceType":"api","description":"","entityId":3,"entity":"Town of Cary, NC","dataFormat":"simple-budget","apiEndpoint":null,"apiFormat":"json","frequency":"ondemand","properties":"[]","endpoint":"http:\/\/opendataserver.ashevillenc.gov\/geoserver\/ows?service=WFS&request=GetFeature&srsName=EPSG:4326&typeName=coagis:projects_general_ledger&maxFeatures=1000000&outputFormat=json"}]  
[2015-12-23 17:33:49] lumen.INFO: Top of routes with URI /api/v1/get_entity_info?entity_id=3 and method GET  
[2015-12-23 17:33:49] lumen.INFO: I'm in getEntityInfo with id 3  
[2015-12-23 17:33:49] lumen.INFO: Here we go with entityId 3  
[2015-12-23 17:33:49] lumen.INFO: [{"id":1,"name":"test4","status":"inactive","source_type":"api","description":"","entity":"Town of Cary, NC","entity_id":3,"api_format":"json","data_format":"simple-budget","endpoint":"http:\/\/opendataserver.ashevillenc.gov\/geoserver\/ows?service=WFS&request=GetFeature&srsName=EPSG:4326&typeName=coagis:projects_general_ledger&maxFeatures=1000000&outputFormat=json","frequency":"ondemand","properties":"[]","created_at":"2015-12-22 19:58:45","updated_at":"2015-12-22 19:58:45"}]  
[2015-12-23 17:33:49] lumen.INFO: [{"id":1,"name":"test4","status":"inactive","last":null,"lastDate":null,"sourceType":"api","description":"","entityId":3,"entity":"Town of Cary, NC","dataFormat":"simple-budget","apiEndpoint":null,"apiFormat":"json","frequency":"ondemand","properties":"[]","endpoint":"http:\/\/opendataserver.ashevillenc.gov\/geoserver\/ows?service=WFS&request=GetFeature&srsName=EPSG:4326&typeName=coagis:projects_general_ledger&maxFeatures=1000000&outputFormat=json"}]  
[2015-12-23 17:37:20] lumen.INFO: Top of routes with URI /api/v1/get_entity_info?entity_id=3 and method GET  
[2015-12-23 17:37:20] lumen.INFO: I'm in getEntityInfo with id 3  
[2015-12-23 17:37:20] lumen.INFO: Here we go with entityId 3  
[2015-12-23 17:37:20] lumen.INFO: [{"id":1,"name":"test4","status":"inactive","source_type":"api","description":"","entity":"Town of Cary, NC","entity_id":3,"api_format":"json","data_format":"simple-budget","endpoint":"http:\/\/opendataserver.ashevillenc.gov\/geoserver\/ows?service=WFS&request=GetFeature&srsName=EPSG:4326&typeName=coagis:projects_general_ledger&maxFeatures=1000000&outputFormat=json","frequency":"ondemand","properties":"[]","created_at":"2015-12-22 19:58:45","updated_at":"2015-12-22 19:58:45"}]  
[2015-12-23 17:37:20] lumen.INFO: [{"id":1,"name":"test4","status":"inactive","last":null,"lastDate":null,"sourceType":"api","description":"","entityId":3,"entity":"Town of Cary, NC","dataFormat":"simple-budget","apiEndpoint":null,"apiFormat":"json","frequency":"ondemand","properties":"[]","endpoint":"http:\/\/opendataserver.ashevillenc.gov\/geoserver\/ows?service=WFS&request=GetFeature&srsName=EPSG:4326&typeName=coagis:projects_general_ledger&maxFeatures=1000000&outputFormat=json"}]  
[2015-12-23 17:37:27] lumen.INFO: Top of routes with URI /api/v1/get_entity_info?entity_id=3 and method GET  
[2015-12-23 17:37:27] lumen.INFO: I'm in getEntityInfo with id 3  
[2015-12-23 17:37:27] lumen.INFO: Here we go with entityId 3  
[2015-12-23 17:37:27] lumen.INFO: [{"id":1,"name":"test4","status":"inactive","source_type":"api","description":"","entity":"Town of Cary, NC","entity_id":3,"api_format":"json","data_format":"simple-budget","endpoint":"http:\/\/opendataserver.ashevillenc.gov\/geoserver\/ows?service=WFS&request=GetFeature&srsName=EPSG:4326&typeName=coagis:projects_general_ledger&maxFeatures=1000000&outputFormat=json","frequency":"ondemand","properties":"[]","created_at":"2015-12-22 19:58:45","updated_at":"2015-12-22 19:58:45"}]  
[2015-12-23 17:37:27] lumen.INFO: [{"id":1,"name":"test4","status":"inactive","last":null,"lastDate":null,"sourceType":"api","description":"","entityId":3,"entity":"Town of Cary, NC","dataFormat":"simple-budget","apiEndpoint":null,"apiFormat":"json","frequency":"ondemand","properties":"[]","endpoint":"http:\/\/opendataserver.ashevillenc.gov\/geoserver\/ows?service=WFS&request=GetFeature&srsName=EPSG:4326&typeName=coagis:projects_general_ledger&maxFeatures=1000000&outputFormat=json"}]  
[2015-12-23 17:46:14] lumen.INFO: Top of routes with URI /api/v1/get_entity_info?entity_id=3 and method GET  
[2015-12-23 17:46:14] lumen.INFO: I'm in getEntityInfo with id 3  
[2015-12-23 17:46:14] lumen.INFO: Here we go with entityId 3  
[2015-12-23 17:46:14] lumen.INFO: [{"id":1,"name":"test4","status":"inactive","source_type":"api","description":"","entity":"Town of Cary, NC","entity_id":3,"api_format":"json","data_format":"simple-budget","endpoint":"http:\/\/opendataserver.ashevillenc.gov\/geoserver\/ows?service=WFS&request=GetFeature&srsName=EPSG:4326&typeName=coagis:projects_general_ledger&maxFeatures=1000000&outputFormat=json","frequency":"ondemand","properties":"[]","created_at":"2015-12-22 19:58:45","updated_at":"2015-12-22 19:58:45"}]  
[2015-12-23 17:46:14] lumen.INFO: [{"id":1,"name":"test4","status":"inactive","last":null,"lastDate":null,"sourceType":"api","description":"","entityId":3,"entity":"Town of Cary, NC","dataFormat":"simple-budget","apiEndpoint":null,"apiFormat":"json","frequency":"ondemand","properties":"[]","endpoint":"http:\/\/opendataserver.ashevillenc.gov\/geoserver\/ows?service=WFS&request=GetFeature&srsName=EPSG:4326&typeName=coagis:projects_general_ledger&maxFeatures=1000000&outputFormat=json"}]  
[2015-12-23 17:47:52] lumen.INFO: Top of routes with URI /api/v1/get_entity_info?entity_id=3 and method GET  
[2015-12-23 17:47:52] lumen.INFO: I'm in getEntityInfo with id 3  
[2015-12-23 17:47:52] lumen.INFO: Here we go with entityId 3  
[2015-12-23 17:47:52] lumen.INFO: [{"id":1,"name":"test4","status":"inactive","source_type":"api","description":"","entity":"Town of Cary, NC","entity_id":3,"api_format":"json","data_format":"simple-budget","endpoint":"http:\/\/opendataserver.ashevillenc.gov\/geoserver\/ows?service=WFS&request=GetFeature&srsName=EPSG:4326&typeName=coagis:projects_general_ledger&maxFeatures=1000000&outputFormat=json","frequency":"ondemand","properties":"[]","created_at":"2015-12-22 19:58:45","updated_at":"2015-12-22 19:58:45"}]  
[2015-12-23 17:47:52] lumen.INFO: [{"id":1,"name":"test4","status":"inactive","last":null,"lastDate":null,"sourceType":"api","description":"","entityId":3,"entity":"Town of Cary, NC","dataFormat":"simple-budget","apiEndpoint":null,"apiFormat":"json","frequency":"ondemand","properties":"[]","endpoint":"http:\/\/opendataserver.ashevillenc.gov\/geoserver\/ows?service=WFS&request=GetFeature&srsName=EPSG:4326&typeName=coagis:projects_general_ledger&maxFeatures=1000000&outputFormat=json"}]  
[2015-12-23 17:49:43] lumen.INFO: Top of routes with URI /api/v1/get_entity_info?entity_id=3 and method GET  
[2015-12-23 17:49:43] lumen.INFO: I'm in getEntityInfo with id 3  
[2015-12-23 17:49:43] lumen.INFO: Here we go with entityId 3  
[2015-12-23 17:49:44] lumen.INFO: [{"id":1,"name":"test4","status":"inactive","source_type":"api","description":"","entity":"Town of Cary, NC","entity_id":3,"api_format":"json","data_format":"simple-budget","endpoint":"http:\/\/opendataserver.ashevillenc.gov\/geoserver\/ows?service=WFS&request=GetFeature&srsName=EPSG:4326&typeName=coagis:projects_general_ledger&maxFeatures=1000000&outputFormat=json","frequency":"ondemand","properties":"[]","created_at":"2015-12-22 19:58:45","updated_at":"2015-12-22 19:58:45"}]  
[2015-12-23 17:49:44] lumen.INFO: [{"id":1,"name":"test4","status":"inactive","last":null,"lastDate":null,"sourceType":"api","description":"","entityId":3,"entity":"Town of Cary, NC","dataFormat":"simple-budget","apiEndpoint":null,"apiFormat":"json","frequency":"ondemand","properties":"[]","endpoint":"http:\/\/opendataserver.ashevillenc.gov\/geoserver\/ows?service=WFS&request=GetFeature&srsName=EPSG:4326&typeName=coagis:projects_general_ledger&maxFeatures=1000000&outputFormat=json"}]  
[2015-12-23 17:50:09] lumen.INFO: Top of routes with URI /api/v1/get_entity_info?entity_id=3 and method GET  
[2015-12-23 17:50:09] lumen.INFO: I'm in getEntityInfo with id 3  
[2015-12-23 17:50:09] lumen.INFO: Here we go with entityId 3  
[2015-12-23 17:50:09] lumen.INFO: [{"id":1,"name":"test4","status":"inactive","source_type":"api","description":"","entity":"Town of Cary, NC","entity_id":3,"api_format":"json","data_format":"simple-budget","endpoint":"http:\/\/opendataserver.ashevillenc.gov\/geoserver\/ows?service=WFS&request=GetFeature&srsName=EPSG:4326&typeName=coagis:projects_general_ledger&maxFeatures=1000000&outputFormat=json","frequency":"ondemand","properties":"[]","created_at":"2015-12-22 19:58:45","updated_at":"2015-12-22 19:58:45"}]  
[2015-12-23 17:50:09] lumen.INFO: [{"id":1,"name":"test4","status":"inactive","last":null,"lastDate":null,"sourceType":"api","description":"","entityId":3,"entity":"Town of Cary, NC","dataFormat":"simple-budget","apiEndpoint":null,"apiFormat":"json","frequency":"ondemand","properties":"[]","endpoint":"http:\/\/opendataserver.ashevillenc.gov\/geoserver\/ows?service=WFS&request=GetFeature&srsName=EPSG:4326&typeName=coagis:projects_general_ledger&maxFeatures=1000000&outputFormat=json"}]  
[2015-12-23 17:52:18] lumen.INFO: Top of routes with URI /api/v1/get_entity_info?entity_id=3 and method GET  
[2015-12-23 17:52:18] lumen.INFO: I'm in getEntityInfo with id 3  
[2015-12-23 17:52:18] lumen.INFO: Here we go with entityId 3  
[2015-12-23 17:52:18] lumen.INFO: [{"id":1,"name":"test4","status":"inactive","source_type":"api","description":"","entity":"Town of Cary, NC","entity_id":3,"api_format":"json","data_format":"simple-budget","endpoint":"http:\/\/opendataserver.ashevillenc.gov\/geoserver\/ows?service=WFS&request=GetFeature&srsName=EPSG:4326&typeName=coagis:projects_general_ledger&maxFeatures=1000000&outputFormat=json","frequency":"ondemand","properties":"[]","created_at":"2015-12-22 19:58:45","updated_at":"2015-12-22 19:58:45"}]  
[2015-12-23 17:52:18] lumen.INFO: [{"id":1,"name":"test4","status":"inactive","last":null,"lastDate":null,"sourceType":"api","description":"","entityId":3,"entity":"Town of Cary, NC","dataFormat":"simple-budget","apiEndpoint":null,"apiFormat":"json","frequency":"ondemand","properties":"[]","endpoint":"http:\/\/opendataserver.ashevillenc.gov\/geoserver\/ows?service=WFS&request=GetFeature&srsName=EPSG:4326&typeName=coagis:projects_general_ledger&maxFeatures=1000000&outputFormat=json"}]  
[2015-12-23 17:53:03] lumen.INFO: Top of routes with URI /api/v1/get_entity_info?entity_id=3 and method GET  
[2015-12-23 17:53:03] lumen.INFO: I'm in getEntityInfo with id 3  
[2015-12-23 17:53:03] lumen.INFO: Here we go with entityId 3  
[2015-12-23 17:53:03] lumen.INFO: [{"id":1,"name":"test4","status":"inactive","source_type":"api","description":"","entity":"Town of Cary, NC","entity_id":3,"api_format":"json","data_format":"simple-budget","endpoint":"http:\/\/opendataserver.ashevillenc.gov\/geoserver\/ows?service=WFS&request=GetFeature&srsName=EPSG:4326&typeName=coagis:projects_general_ledger&maxFeatures=1000000&outputFormat=json","frequency":"ondemand","properties":"[]","created_at":"2015-12-22 19:58:45","updated_at":"2015-12-22 19:58:45"}]  
[2015-12-23 17:53:03] lumen.INFO: [{"id":1,"name":"test4","status":"inactive","last":null,"lastDate":null,"sourceType":"api","description":"","entityId":3,"entity":"Town of Cary, NC","dataFormat":"simple-budget","apiEndpoint":null,"apiFormat":"json","frequency":"ondemand","properties":"[]","endpoint":"http:\/\/opendataserver.ashevillenc.gov\/geoserver\/ows?service=WFS&request=GetFeature&srsName=EPSG:4326&typeName=coagis:projects_general_ledger&maxFeatures=1000000&outputFormat=json"}]  
[2015-12-23 17:54:02] lumen.INFO: Top of routes with URI /api/v1/get_entity_info?entity_id=3 and method GET  
[2015-12-23 17:54:02] lumen.INFO: I'm in getEntityInfo with id 3  
[2015-12-23 17:54:02] lumen.INFO: Here we go with entityId 3  
[2015-12-23 17:54:02] lumen.INFO: [{"id":1,"name":"test4","status":"inactive","source_type":"api","description":"","entity":"Town of Cary, NC","entity_id":3,"api_format":"json","data_format":"simple-budget","endpoint":"http:\/\/opendataserver.ashevillenc.gov\/geoserver\/ows?service=WFS&request=GetFeature&srsName=EPSG:4326&typeName=coagis:projects_general_ledger&maxFeatures=1000000&outputFormat=json","frequency":"ondemand","properties":"[]","created_at":"2015-12-22 19:58:45","updated_at":"2015-12-22 19:58:45"}]  
[2015-12-23 17:54:02] lumen.INFO: [{"id":1,"name":"test4","status":"inactive","last":null,"lastDate":null,"sourceType":"api","description":"","entityId":3,"entity":"Town of Cary, NC","dataFormat":"simple-budget","apiEndpoint":null,"apiFormat":"json","frequency":"ondemand","properties":"[]","endpoint":"http:\/\/opendataserver.ashevillenc.gov\/geoserver\/ows?service=WFS&request=GetFeature&srsName=EPSG:4326&typeName=coagis:projects_general_ledger&maxFeatures=1000000&outputFormat=json"}]  
[2015-12-23 17:57:06] lumen.INFO: Top of routes with URI /api/v1/register_data_source and method POST  
[2015-12-23 17:57:06] lumen.INFO: The request is {"name":"Second","sourceType":"api","description":"This is a decriptoin","entity":"Town of Cary, NC","entityId":3,"endpoint":"http:\/\/opendataserver.ashevillenc.gov\/geoserver\/ows?service=WFS&request=GetFeature&srsName=EPSG:4326&typeName=coagis:projects_general_ledger&maxFeatures=1000000&outputFormat=json","apiFormat":"json","dataFormat":"simple-project","frequency":"ondemand"}  
[2015-12-23 17:57:07] lumen.INFO: Top of routes with URI /api/v1/get_entity_info?entity_id=3 and method GET  
[2015-12-23 17:57:07] lumen.INFO: I'm in getEntityInfo with id 3  
[2015-12-23 17:57:07] lumen.INFO: Here we go with entityId 3  
[2015-12-23 17:57:07] lumen.INFO: [{"id":1,"name":"test4","status":"inactive","source_type":"api","description":"","entity":"Town of Cary, NC","entity_id":3,"api_format":"json","data_format":"simple-budget","endpoint":"http:\/\/opendataserver.ashevillenc.gov\/geoserver\/ows?service=WFS&request=GetFeature&srsName=EPSG:4326&typeName=coagis:projects_general_ledger&maxFeatures=1000000&outputFormat=json","frequency":"ondemand","properties":"[]","created_at":"2015-12-22 19:58:45","updated_at":"2015-12-22 19:58:45"},{"id":2,"name":"Second","status":"active","source_type":"api","description":"This is a decriptoin","entity":"Town of Cary, NC","entity_id":3,"api_format":"json","data_format":"simple-project","endpoint":"http:\/\/opendataserver.ashevillenc.gov\/geoserver\/ows?service=WFS&request=GetFeature&srsName=EPSG:4326&typeName=coagis:projects_general_ledger&maxFeatures=1000000&outputFormat=json","frequency":"ondemand","properties":"[]","created_at":"2015-12-23 17:57:06","updated_at":"2015-12-23 17:57:06"}]  
[2015-12-23 17:57:07] lumen.INFO: [{"id":1,"name":"test4","status":"inactive","last":null,"lastDate":null,"sourceType":"api","description":"","entityId":3,"entity":"Town of Cary, NC","dataFormat":"simple-budget","apiEndpoint":null,"apiFormat":"json","frequency":"ondemand","properties":"[]","endpoint":"http:\/\/opendataserver.ashevillenc.gov\/geoserver\/ows?service=WFS&request=GetFeature&srsName=EPSG:4326&typeName=coagis:projects_general_ledger&maxFeatures=1000000&outputFormat=json"},{"id":2,"name":"Second","status":"active","last":null,"lastDate":null,"sourceType":"api","description":"This is a decriptoin","entityId":3,"entity":"Town of Cary, NC","dataFormat":"simple-project","apiEndpoint":null,"apiFormat":"json","frequency":"ondemand","properties":"[]","endpoint":"http:\/\/opendataserver.ashevillenc.gov\/geoserver\/ows?service=WFS&request=GetFeature&srsName=EPSG:4326&typeName=coagis:projects_general_ledger&maxFeatures=1000000&outputFormat=json"}]  
[2015-12-23 17:57:31] lumen.INFO: Top of routes with URI /api/v1/register_data_source and method POST  
[2015-12-23 17:57:31] lumen.INFO: The request is {"name":"This is a file","sourceType":"file","description":"A file upload!","entity":"Town of Cary, NC","entityId":3}  
[2015-12-23 17:57:31] lumen.ERROR: exception 'ErrorException' with message 'Undefined index: dataFormat' in /var/www/cbe-dataserver/app/Domain/Data/DataSource.php:44
Stack trace:
#0 /var/www/cbe-dataserver/app/Domain/Data/DataSource.php(44): Laravel\Lumen\Application->Laravel\Lumen\{closure}(8, 'Undefined index...', '/var/www/cbe-da...', 44, Array)
#1 /var/www/cbe-dataserver/app/Http/Controllers/DataSourcesController.php(15): CBEDataService\Domain\Data\DataSource->initializeFromMap(Array)
#2 [internal function]: CBEDataService\Http\Controllers\DataSourcesController->register(Object(Illuminate\Http\Request))
#3 /var/www/cbe-dataserver/vendor/illuminate/container/Container.php(502): call_user_func_array(Array, Array)
#4 /var/www/cbe-dataserver/vendor/laravel/lumen-framework/src/Application.php(1371): Illuminate\Container\Container->call(Array, Array)
#5 /var/www/cbe-dataserver/vendor/laravel/lumen-framework/src/Application.php(1336): Laravel\Lumen\Application->callControllerCallable(Array, Array)
#6 /var/www/cbe-dataserver/vendor/laravel/lumen-framework/src/Application.php(1307): Laravel\Lumen\Application->callLumenController(Object(CBEDataService\Http\Controllers\DataSourcesController), 'register', Array)
#7 /var/www/cbe-dataserver/vendor/laravel/lumen-framework/src/Application.php(1275): Laravel\Lumen\Application->callControllerAction(Array)
#8 /var/www/cbe-dataserver/vendor/laravel/lumen-framework/src/Application.php(1260): Laravel\Lumen\Application->callActionOnArrayBasedRoute(Array)
#9 /var/www/cbe-dataserver/vendor/laravel/lumen-framework/src/Application.php(1179): Laravel\Lumen\Application->handleFoundRoute(Array)
#10 /var/www/cbe-dataserver/vendor/laravel/lumen-framework/src/Application.php(1414): Laravel\Lumen\Application->Laravel\Lumen\{closure}()
#11 /var/www/cbe-dataserver/vendor/laravel/lumen-framework/src/Application.php(1185): Laravel\Lumen\Application->sendThroughPipeline(Array, Object(Closure))
#12 /var/www/cbe-dataserver/vendor/laravel/lumen-framework/src/Application.php(1125): Laravel\Lumen\Application->dispatch(NULL)
#13 /var/www/cbe-dataserver/public/index.php(28): Laravel\Lumen\Application->run()
#14 {main}  
[2015-12-23 17:57:32] lumen.INFO: Top of routes with URI /api/v1/get_entity_info?entity_id=3 and method GET  
[2015-12-23 17:57:32] lumen.INFO: I'm in getEntityInfo with id 3  
[2015-12-23 17:57:32] lumen.INFO: Here we go with entityId 3  
[2015-12-23 17:57:32] lumen.INFO: [{"id":1,"name":"test4","status":"inactive","source_type":"api","description":"","entity":"Town of Cary, NC","entity_id":3,"api_format":"json","data_format":"simple-budget","endpoint":"http:\/\/opendataserver.ashevillenc.gov\/geoserver\/ows?service=WFS&request=GetFeature&srsName=EPSG:4326&typeName=coagis:projects_general_ledger&maxFeatures=1000000&outputFormat=json","frequency":"ondemand","properties":"[]","created_at":"2015-12-22 19:58:45","updated_at":"2015-12-22 19:58:45"},{"id":2,"name":"Second","status":"active","source_type":"api","description":"This is a decriptoin","entity":"Town of Cary, NC","entity_id":3,"api_format":"json","data_format":"simple-project","endpoint":"http:\/\/opendataserver.ashevillenc.gov\/geoserver\/ows?service=WFS&request=GetFeature&srsName=EPSG:4326&typeName=coagis:projects_general_ledger&maxFeatures=1000000&outputFormat=json","frequency":"ondemand","properties":"[]","created_at":"2015-12-23 17:57:06","updated_at":"2015-12-23 17:57:06"}]  
[2015-12-23 17:57:32] lumen.INFO: [{"id":1,"name":"test4","status":"inactive","last":null,"lastDate":null,"sourceType":"api","description":"","entityId":3,"entity":"Town of Cary, NC","dataFormat":"simple-budget","apiEndpoint":null,"apiFormat":"json","frequency":"ondemand","properties":"[]","endpoint":"http:\/\/opendataserver.ashevillenc.gov\/geoserver\/ows?service=WFS&request=GetFeature&srsName=EPSG:4326&typeName=coagis:projects_general_ledger&maxFeatures=1000000&outputFormat=json"},{"id":2,"name":"Second","status":"active","last":null,"lastDate":null,"sourceType":"api","description":"This is a decriptoin","entityId":3,"entity":"Town of Cary, NC","dataFormat":"simple-project","apiEndpoint":null,"apiFormat":"json","frequency":"ondemand","properties":"[]","endpoint":"http:\/\/opendataserver.ashevillenc.gov\/geoserver\/ows?service=WFS&request=GetFeature&srsName=EPSG:4326&typeName=coagis:projects_general_ledger&maxFeatures=1000000&outputFormat=json"}]  
[2015-12-23 18:12:30] lumen.INFO: Top of routes with URI /api/v1/register_data_source and method POST  
[2015-12-23 18:12:30] lumen.INFO: The request is {"name":"File 2","sourceType":"file","description":"This is a file description","entity":"Town of Cary, NC","entityId":3}  
[2015-12-23 18:12:31] lumen.ERROR: exception 'ErrorException' with message 'Undefined index: dataFormat' in /var/www/cbe-dataserver/app/Domain/Data/DataSource.php:44
Stack trace:
#0 /var/www/cbe-dataserver/app/Domain/Data/DataSource.php(44): Laravel\Lumen\Application->Laravel\Lumen\{closure}(8, 'Undefined index...', '/var/www/cbe-da...', 44, Array)
#1 /var/www/cbe-dataserver/app/Http/Controllers/DataSourcesController.php(15): CBEDataService\Domain\Data\DataSource->initializeFromMap(Array)
#2 [internal function]: CBEDataService\Http\Controllers\DataSourcesController->register(Object(Illuminate\Http\Request))
#3 /var/www/cbe-dataserver/vendor/illuminate/container/Container.php(502): call_user_func_array(Array, Array)
#4 /var/www/cbe-dataserver/vendor/laravel/lumen-framework/src/Application.php(1371): Illuminate\Container\Container->call(Array, Array)
#5 /var/www/cbe-dataserver/vendor/laravel/lumen-framework/src/Application.php(1336): Laravel\Lumen\Application->callControllerCallable(Array, Array)
#6 /var/www/cbe-dataserver/vendor/laravel/lumen-framework/src/Application.php(1307): Laravel\Lumen\Application->callLumenController(Object(CBEDataService\Http\Controllers\DataSourcesController), 'register', Array)
#7 /var/www/cbe-dataserver/vendor/laravel/lumen-framework/src/Application.php(1275): Laravel\Lumen\Application->callControllerAction(Array)
#8 /var/www/cbe-dataserver/vendor/laravel/lumen-framework/src/Application.php(1260): Laravel\Lumen\Application->callActionOnArrayBasedRoute(Array)
#9 /var/www/cbe-dataserver/vendor/laravel/lumen-framework/src/Application.php(1179): Laravel\Lumen\Application->handleFoundRoute(Array)
#10 /var/www/cbe-dataserver/vendor/laravel/lumen-framework/src/Application.php(1414): Laravel\Lumen\Application->Laravel\Lumen\{closure}()
#11 /var/www/cbe-dataserver/vendor/laravel/lumen-framework/src/Application.php(1185): Laravel\Lumen\Application->sendThroughPipeline(Array, Object(Closure))
#12 /var/www/cbe-dataserver/vendor/laravel/lumen-framework/src/Application.php(1125): Laravel\Lumen\Application->dispatch(NULL)
#13 /var/www/cbe-dataserver/public/index.php(28): Laravel\Lumen\Application->run()
#14 {main}  
[2015-12-23 18:12:31] lumen.INFO: Top of routes with URI /api/v1/get_entity_info?entity_id=3 and method GET  
[2015-12-23 18:12:31] lumen.INFO: I'm in getEntityInfo with id 3  
[2015-12-23 18:12:31] lumen.INFO: Here we go with entityId 3  
[2015-12-23 18:12:31] lumen.INFO: [{"id":1,"name":"test4","status":"inactive","source_type":"api","description":"","entity":"Town of Cary, NC","entity_id":3,"api_format":"json","data_format":"simple-budget","endpoint":"http:\/\/opendataserver.ashevillenc.gov\/geoserver\/ows?service=WFS&request=GetFeature&srsName=EPSG:4326&typeName=coagis:projects_general_ledger&maxFeatures=1000000&outputFormat=json","frequency":"ondemand","properties":"[]","created_at":"2015-12-22 19:58:45","updated_at":"2015-12-22 19:58:45"},{"id":2,"name":"Second","status":"active","source_type":"api","description":"This is a decriptoin","entity":"Town of Cary, NC","entity_id":3,"api_format":"json","data_format":"simple-project","endpoint":"http:\/\/opendataserver.ashevillenc.gov\/geoserver\/ows?service=WFS&request=GetFeature&srsName=EPSG:4326&typeName=coagis:projects_general_ledger&maxFeatures=1000000&outputFormat=json","frequency":"ondemand","properties":"[]","created_at":"2015-12-23 17:57:06","updated_at":"2015-12-23 17:57:06"}]  
[2015-12-23 18:12:31] lumen.INFO: [{"id":1,"name":"test4","status":"inactive","last":null,"lastDate":null,"sourceType":"api","description":"","entityId":3,"entity":"Town of Cary, NC","dataFormat":"simple-budget","apiEndpoint":null,"apiFormat":"json","frequency":"ondemand","properties":"[]","endpoint":"http:\/\/opendataserver.ashevillenc.gov\/geoserver\/ows?service=WFS&request=GetFeature&srsName=EPSG:4326&typeName=coagis:projects_general_ledger&maxFeatures=1000000&outputFormat=json"},{"id":2,"name":"Second","status":"active","last":null,"lastDate":null,"sourceType":"api","description":"This is a decriptoin","entityId":3,"entity":"Town of Cary, NC","dataFormat":"simple-project","apiEndpoint":null,"apiFormat":"json","frequency":"ondemand","properties":"[]","endpoint":"http:\/\/opendataserver.ashevillenc.gov\/geoserver\/ows?service=WFS&request=GetFeature&srsName=EPSG:4326&typeName=coagis:projects_general_ledger&maxFeatures=1000000&outputFormat=json"}]  
[2015-12-23 18:14:27] lumen.INFO: Top of routes with URI /api/v1/register_data_source and method POST  
[2015-12-23 18:14:27] lumen.INFO: The request is {"name":"File 3","sourceType":"file","description":"Again","entity":"Town of Cary, NC","entityId":3,"dataFormat":"simple-budget"}  
[2015-12-23 18:14:28] lumen.ERROR: exception 'ErrorException' with message 'Undefined property: CBEDataService\Domain\Data\DataSource::$endpoint' in /var/www/cbe-dataserver/app/Domain/Data/DataSource.php:108
Stack trace:
#0 /var/www/cbe-dataserver/app/Domain/Data/DataSource.php(108): Laravel\Lumen\Application->Laravel\Lumen\{closure}(8, 'Undefined prope...', '/var/www/cbe-da...', 108, Array)
#1 /var/www/cbe-dataserver/app/Http/Controllers/DataSourcesController.php(16): CBEDataService\Domain\Data\DataSource->save()
#2 [internal function]: CBEDataService\Http\Controllers\DataSourcesController->register(Object(Illuminate\Http\Request))
#3 /var/www/cbe-dataserver/vendor/illuminate/container/Container.php(502): call_user_func_array(Array, Array)
#4 /var/www/cbe-dataserver/vendor/laravel/lumen-framework/src/Application.php(1371): Illuminate\Container\Container->call(Array, Array)
#5 /var/www/cbe-dataserver/vendor/laravel/lumen-framework/src/Application.php(1336): Laravel\Lumen\Application->callControllerCallable(Array, Array)
#6 /var/www/cbe-dataserver/vendor/laravel/lumen-framework/src/Application.php(1307): Laravel\Lumen\Application->callLumenController(Object(CBEDataService\Http\Controllers\DataSourcesController), 'register', Array)
#7 /var/www/cbe-dataserver/vendor/laravel/lumen-framework/src/Application.php(1275): Laravel\Lumen\Application->callControllerAction(Array)
#8 /var/www/cbe-dataserver/vendor/laravel/lumen-framework/src/Application.php(1260): Laravel\Lumen\Application->callActionOnArrayBasedRoute(Array)
#9 /var/www/cbe-dataserver/vendor/laravel/lumen-framework/src/Application.php(1179): Laravel\Lumen\Application->handleFoundRoute(Array)
#10 /var/www/cbe-dataserver/vendor/laravel/lumen-framework/src/Application.php(1414): Laravel\Lumen\Application->Laravel\Lumen\{closure}()
#11 /var/www/cbe-dataserver/vendor/laravel/lumen-framework/src/Application.php(1185): Laravel\Lumen\Application->sendThroughPipeline(Array, Object(Closure))
#12 /var/www/cbe-dataserver/vendor/laravel/lumen-framework/src/Application.php(1125): Laravel\Lumen\Application->dispatch(NULL)
#13 /var/www/cbe-dataserver/public/index.php(28): Laravel\Lumen\Application->run()
#14 {main}  
[2015-12-23 18:14:28] lumen.INFO: Top of routes with URI /api/v1/get_entity_info?entity_id=3 and method GET  
[2015-12-23 18:14:28] lumen.INFO: I'm in getEntityInfo with id 3  
[2015-12-23 18:14:28] lumen.INFO: Here we go with entityId 3  
[2015-12-23 18:14:28] lumen.INFO: [{"id":1,"name":"test4","status":"inactive","source_type":"api","description":"","entity":"Town of Cary, NC","entity_id":3,"api_format":"json","data_format":"simple-budget","endpoint":"http:\/\/opendataserver.ashevillenc.gov\/geoserver\/ows?service=WFS&request=GetFeature&srsName=EPSG:4326&typeName=coagis:projects_general_ledger&maxFeatures=1000000&outputFormat=json","frequency":"ondemand","properties":"[]","created_at":"2015-12-22 19:58:45","updated_at":"2015-12-22 19:58:45"},{"id":2,"name":"Second","status":"active","source_type":"api","description":"This is a decriptoin","entity":"Town of Cary, NC","entity_id":3,"api_format":"json","data_format":"simple-project","endpoint":"http:\/\/opendataserver.ashevillenc.gov\/geoserver\/ows?service=WFS&request=GetFeature&srsName=EPSG:4326&typeName=coagis:projects_general_ledger&maxFeatures=1000000&outputFormat=json","frequency":"ondemand","properties":"[]","created_at":"2015-12-23 17:57:06","updated_at":"2015-12-23 17:57:06"}]  
[2015-12-23 18:14:28] lumen.INFO: [{"id":1,"name":"test4","status":"inactive","last":null,"lastDate":null,"sourceType":"api","description":"","entityId":3,"entity":"Town of Cary, NC","dataFormat":"simple-budget","apiEndpoint":null,"apiFormat":"json","frequency":"ondemand","properties":"[]","endpoint":"http:\/\/opendataserver.ashevillenc.gov\/geoserver\/ows?service=WFS&request=GetFeature&srsName=EPSG:4326&typeName=coagis:projects_general_ledger&maxFeatures=1000000&outputFormat=json"},{"id":2,"name":"Second","status":"active","last":null,"lastDate":null,"sourceType":"api","description":"This is a decriptoin","entityId":3,"entity":"Town of Cary, NC","dataFormat":"simple-project","apiEndpoint":null,"apiFormat":"json","frequency":"ondemand","properties":"[]","endpoint":"http:\/\/opendataserver.ashevillenc.gov\/geoserver\/ows?service=WFS&request=GetFeature&srsName=EPSG:4326&typeName=coagis:projects_general_ledger&maxFeatures=1000000&outputFormat=json"}]  
[2015-12-23 18:17:38] lumen.INFO: Top of routes with URI /api/v1/register_data_source and method POST  
[2015-12-23 18:17:38] lumen.INFO: The request is {"name":"file 4","sourceType":"file","description":"Again 4","entity":"Town of Cary, NC","entityId":3,"dataFormat":"simple-budget"}  
[2015-12-23 18:17:39] lumen.INFO: Top of routes with URI /api/v1/get_entity_info?entity_id=3 and method GET  
[2015-12-23 18:17:39] lumen.INFO: I'm in getEntityInfo with id 3  
[2015-12-23 18:17:39] lumen.INFO: Here we go with entityId 3  
[2015-12-23 18:17:39] lumen.INFO: [{"id":1,"name":"test4","status":"inactive","source_type":"api","description":"","entity":"Town of Cary, NC","entity_id":3,"api_format":"json","data_format":"simple-budget","endpoint":"http:\/\/opendataserver.ashevillenc.gov\/geoserver\/ows?service=WFS&request=GetFeature&srsName=EPSG:4326&typeName=coagis:projects_general_ledger&maxFeatures=1000000&outputFormat=json","frequency":"ondemand","properties":"[]","created_at":"2015-12-22 19:58:45","updated_at":"2015-12-22 19:58:45"},{"id":2,"name":"Second","status":"active","source_type":"api","description":"This is a decriptoin","entity":"Town of Cary, NC","entity_id":3,"api_format":"json","data_format":"simple-project","endpoint":"http:\/\/opendataserver.ashevillenc.gov\/geoserver\/ows?service=WFS&request=GetFeature&srsName=EPSG:4326&typeName=coagis:projects_general_ledger&maxFeatures=1000000&outputFormat=json","frequency":"ondemand","properties":"[]","created_at":"2015-12-23 17:57:06","updated_at":"2015-12-23 17:57:06"},{"id":3,"name":"file 4","status":"active","source_type":"file","description":"Again 4","entity":"Town of Cary, NC","entity_id":3,"api_format":null,"data_format":"simple-budget","endpoint":null,"frequency":"ondemand","properties":"[]","created_at":"2015-12-23 18:17:38","updated_at":"2015-12-23 18:17:38"}]  
[2015-12-23 18:17:39] lumen.INFO: [{"id":1,"name":"test4","status":"inactive","last":null,"lastDate":null,"sourceType":"api","description":"","entityId":3,"entity":"Town of Cary, NC","dataFormat":"simple-budget","apiEndpoint":null,"apiFormat":"json","frequency":"ondemand","properties":"[]","endpoint":"http:\/\/opendataserver.ashevillenc.gov\/geoserver\/ows?service=WFS&request=GetFeature&srsName=EPSG:4326&typeName=coagis:projects_general_ledger&maxFeatures=1000000&outputFormat=json"},{"id":2,"name":"Second","status":"active","last":null,"lastDate":null,"sourceType":"api","description":"This is a decriptoin","entityId":3,"entity":"Town of Cary, NC","dataFormat":"simple-project","apiEndpoint":null,"apiFormat":"json","frequency":"ondemand","properties":"[]","endpoint":"http:\/\/opendataserver.ashevillenc.gov\/geoserver\/ows?service=WFS&request=GetFeature&srsName=EPSG:4326&typeName=coagis:projects_general_ledger&maxFeatures=1000000&outputFormat=json"},{"id":3,"name":"file 4","status":"active","last":null,"lastDate":null,"sourceType":"file","description":"Again 4","entityId":3,"entity":"Town of Cary, NC","dataFormat":"simple-budget","apiEndpoint":null,"apiFormat":null,"frequency":"ondemand","properties":"[]"}]  
[2015-12-23 18:21:03] lumen.INFO: Top of routes with URI /api/v1/get_entity_info?entity_id=3 and method GET  
[2015-12-23 18:21:03] lumen.INFO: I'm in getEntityInfo with id 3  
[2015-12-23 18:21:03] lumen.INFO: Here we go with entityId 3  
[2015-12-23 18:21:03] lumen.INFO: [{"id":1,"name":"test4","status":"inactive","source_type":"api","description":"","entity":"Town of Cary, NC","entity_id":3,"api_format":"json","data_format":"simple-budget","endpoint":"http:\/\/opendataserver.ashevillenc.gov\/geoserver\/ows?service=WFS&request=GetFeature&srsName=EPSG:4326&typeName=coagis:projects_general_ledger&maxFeatures=1000000&outputFormat=json","frequency":"ondemand","properties":"[]","created_at":"2015-12-22 19:58:45","updated_at":"2015-12-22 19:58:45"},{"id":2,"name":"Second","status":"active","source_type":"api","description":"This is a decriptoin","entity":"Town of Cary, NC","entity_id":3,"api_format":"json","data_format":"simple-project","endpoint":"http:\/\/opendataserver.ashevillenc.gov\/geoserver\/ows?service=WFS&request=GetFeature&srsName=EPSG:4326&typeName=coagis:projects_general_ledger&maxFeatures=1000000&outputFormat=json","frequency":"ondemand","properties":"[]","created_at":"2015-12-23 17:57:06","updated_at":"2015-12-23 17:57:06"},{"id":3,"name":"file 4","status":"active","source_type":"file","description":"Again 4","entity":"Town of Cary, NC","entity_id":3,"api_format":null,"data_format":"simple-budget","endpoint":null,"frequency":"ondemand","properties":"[]","created_at":"2015-12-23 18:17:38","updated_at":"2015-12-23 18:17:38"}]  
[2015-12-23 18:21:03] lumen.INFO: [{"id":1,"name":"test4","status":"inactive","last":null,"lastDate":null,"sourceType":"api","description":"","entityId":3,"entity":"Town of Cary, NC","dataFormat":"simple-budget","apiEndpoint":null,"apiFormat":"json","frequency":"ondemand","properties":"[]","endpoint":"http:\/\/opendataserver.ashevillenc.gov\/geoserver\/ows?service=WFS&request=GetFeature&srsName=EPSG:4326&typeName=coagis:projects_general_ledger&maxFeatures=1000000&outputFormat=json"},{"id":2,"name":"Second","status":"active","last":null,"lastDate":null,"sourceType":"api","description":"This is a decriptoin","entityId":3,"entity":"Town of Cary, NC","dataFormat":"simple-project","apiEndpoint":null,"apiFormat":"json","frequency":"ondemand","properties":"[]","endpoint":"http:\/\/opendataserver.ashevillenc.gov\/geoserver\/ows?service=WFS&request=GetFeature&srsName=EPSG:4326&typeName=coagis:projects_general_ledger&maxFeatures=1000000&outputFormat=json"},{"id":3,"name":"file 4","status":"active","last":null,"lastDate":null,"sourceType":"file","description":"Again 4","entityId":3,"entity":"Town of Cary, NC","dataFormat":"simple-budget","apiEndpoint":null,"apiFormat":null,"frequency":"ondemand","properties":"[]"}]  
